model is training ...
model is initialized ...
>> loss: 3.339851
>> val loss: 3.339851
>> loss: 2.884344
>> val loss: 2.884344
>> loss: 2.465499
>> val loss: 2.465499
>> loss: 2.066465
>> val loss: 2.066465
>> loss: 1.682947
>> val loss: 1.682947
>> loss: 1.316762
>> val loss: 1.316762
>> loss: 0.976486
>> val loss: 0.976486
>> loss: 0.670598
>> val loss: 0.670598
>> loss: 0.415843
>> val loss: 0.415843
>> loss: 0.233771
>> val loss: 0.233771
>> loss: 0.128416
>> val loss: 0.128416
>> loss: 0.076077
>> val loss: 0.076077
>> loss: 0.050534
>> val loss: 0.050534
>> loss: 0.036687
>> val loss: 0.036687
>> loss: 0.028237
>> val loss: 0.028237
>> loss: 0.022684
>> val loss: 0.022684
>> loss: 0.018775
>> val loss: 0.018775
>> loss: 0.015771
>> val loss: 0.015771
>> loss: 0.013440
>> val loss: 0.013440
>> loss: 0.011692
>> val loss: 0.011692
model has been trained.
