
Lmod is automatically replacing "intel/2016.4" with "gcc/7.3.0".


Due to MODULEPATH changes, the following have been reloaded:
  1) openmpi/2.1.1

The following have been reloaded with a version change:
  1) gcccore/.5.4.0 => gcccore/.7.3.0

Using base prefix '/cvmfs/soft.computecanada.ca/easybuild/software/2017/Core/python/3.6.3'
New python executable in /home/ainaz/fcn_env/bin/python
Installing setuptools, pip, wheel...done.
Requirement already satisfied: numpy in /home/ainaz/fcn_env/lib/python3.6/site-packages
Requirement already satisfied: torch_gpu in /home/ainaz/fcn_env/lib/python3.6/site-packages
Requirement already satisfied: torchvision in /home/ainaz/fcn_env/lib/python3.6/site-packages
Requirement already satisfied: tensorboardX in /home/ainaz/fcn_env/lib/python3.6/site-packages
Requirement already satisfied: h5py in /home/ainaz/fcn_env/lib/python3.6/site-packages
Requirement already satisfied: six in /home/ainaz/fcn_env/lib/python3.6/site-packages (from torchvision)
Requirement already satisfied: pillow>=4.1.1 in /home/ainaz/fcn_env/lib/python3.6/site-packages (from torchvision)
Requirement already satisfied: protobuf>=0.3.2 in /home/ainaz/fcn_env/lib/python3.6/site-packages (from tensorboardX)
Requirement already satisfied: setuptools in /home/ainaz/fcn_env/lib/python3.6/site-packages (from protobuf>=0.3.2->tensorboardX)
train data created without oversampling.
starting to train ...
model is initialized ...
--- epoch 0: 0.566344 percent of the data is ignored.
~~~ validating ~~~: 0.096230 percent of the data is ignored.
--- epoch 1: 0.567460 percent of the data is ignored.
~~~ validating ~~~: 0.096230 percent of the data is ignored.
--- epoch 2: 0.567460 percent of the data is ignored.
~~~ validating ~~~: 0.096230 percent of the data is ignored.
--- epoch 3: 0.559648 percent of the data is ignored.
~~~ validating ~~~: 0.096230 percent of the data is ignored.
--- epoch 4: 0.562996 percent of the data is ignored.
~~~ validating ~~~: 0.096230 percent of the data is ignored.
--- epoch 5: 0.569692 percent of the data is ignored.
~~~ validating ~~~: 0.096230 percent of the data is ignored.
--- epoch 6: 0.567460 percent of the data is ignored.
~~~ validating ~~~: 0.096230 percent of the data is ignored.
--- epoch 7: 0.560764 percent of the data is ignored.
~~~ validating ~~~: 0.096230 percent of the data is ignored.
--- epoch 8: 0.568576 percent of the data is ignored.
~~~ validating ~~~: 0.096230 percent of the data is ignored.
--- epoch 9: 0.568576 percent of the data is ignored.
~~~ validating ~~~: 0.096230 percent of the data is ignored.
model has been trained and config file has been saved.
