
Lmod is automatically replacing "intel/2016.4" with "gcc/7.3.0".


Due to MODULEPATH changes, the following have been reloaded:
  1) openmpi/2.1.1

The following have been reloaded with a version change:
  1) gcccore/.5.4.0 => gcccore/.7.3.0

Using base prefix '/cvmfs/soft.computecanada.ca/easybuild/software/2017/Core/python/3.6.3'
New python executable in /home/ainaz/fcn_env/bin/python
Installing setuptools, pip, wheel...done.
Requirement already satisfied: numpy in /home/ainaz/fcn_env/lib/python3.6/site-packages
Requirement already satisfied: torch_gpu in /home/ainaz/fcn_env/lib/python3.6/site-packages
Requirement already satisfied: torchvision in /home/ainaz/fcn_env/lib/python3.6/site-packages
Requirement already satisfied: tensorboardX in /home/ainaz/fcn_env/lib/python3.6/site-packages
Requirement already satisfied: h5py in /home/ainaz/fcn_env/lib/python3.6/site-packages
Requirement already satisfied: matplotlib in /home/ainaz/fcn_env/lib/python3.6/site-packages
Requirement already satisfied: pillow>=4.1.1 in /home/ainaz/fcn_env/lib/python3.6/site-packages (from torchvision)
Requirement already satisfied: six in /home/ainaz/fcn_env/lib/python3.6/site-packages (from torchvision)
Requirement already satisfied: protobuf>=0.3.2 in /home/ainaz/fcn_env/lib/python3.6/site-packages (from tensorboardX)
Requirement already satisfied: kiwisolver>=1.0.1 in /home/ainaz/fcn_env/lib/python3.6/site-packages (from matplotlib)
Requirement already satisfied: cycler>=0.10 in /home/ainaz/fcn_env/lib/python3.6/site-packages (from matplotlib)
Requirement already satisfied: python-dateutil>=2.1 in /home/ainaz/fcn_env/lib/python3.6/site-packages (from matplotlib)
Requirement already satisfied: pyparsing!=2.0.4,!=2.1.2,!=2.1.6,>=2.0.1 in /home/ainaz/fcn_env/lib/python3.6/site-packages (from matplotlib)
Requirement already satisfied: setuptools in /home/ainaz/fcn_env/lib/python3.6/site-packages (from protobuf>=0.3.2->tensorboardX)
train data created without oversampling.
loading a trained model...